<?xml version="1.0" encoding="UTF-8"?>
<testng-results ignored="0" total="1" passed="1" failed="0" skipped="0">
  <reporter-output>
  </reporter-output>
  <suite started-at="2022-03-31T17:52:54 IST" name="Default suite" finished-at="2022-03-31T17:53:46 IST" duration-ms="51387">
    <groups>
    </groups>
    <test started-at="2022-03-31T17:52:54 IST" name="Default test" finished-at="2022-03-31T17:53:46 IST" duration-ms="51387">
      <class name="tests.StoreToCheckOutTest">
        <test-method is-config="true" signature="startDriver()[pri:0, instance:tests.StoreToCheckOutTest@6631f5ca]" started-at="2022-03-31T17:52:54 IST" name="startDriver" finished-at="2022-03-31T17:52:57 IST" duration-ms="2171" status="PASS">
          <reporter-output>
          </reporter-output>
        </test-method> <!-- startDriver -->
        <test-method signature="storeToCart()[pri:0, instance:tests.StoreToCheckOutTest@6631f5ca]" started-at="2022-03-31T17:52:57 IST" name="storeToCart" finished-at="2022-03-31T17:53:46 IST" duration-ms="49186" status="PASS">
          <reporter-output>
          </reporter-output>
        </test-method> <!-- storeToCart -->
        <test-method is-config="true" signature="quitDriver()[pri:0, instance:tests.StoreToCheckOutTest@6631f5ca]" started-at="2022-03-31T17:53:46 IST" name="quitDriver" finished-at="2022-03-31T17:53:46 IST" duration-ms="1" status="PASS">
          <reporter-output>
          </reporter-output>
        </test-method> <!-- quitDriver -->
      </class> <!-- tests.StoreToCheckOutTest -->
    </test> <!-- Default test -->
  </suite> <!-- Default suite -->
</testng-results>
