<?xml version="1.0" encoding="UTF-8"?>
<testng-results ignored="0" total="2" passed="2" failed="0" skipped="0">
  <reporter-output>
  </reporter-output>
  <suite started-at="2022-04-01T16:22:11 IST" name="Suite" finished-at="2022-04-01T16:25:13 IST" duration-ms="181926">
    <groups>
    </groups>
    <test started-at="2022-04-01T16:22:11 IST" name="Test" finished-at="2022-04-01T16:25:13 IST" duration-ms="181926">
      <class name="tests.StoreToCheckOutTest">
        <test-method is-config="true" signature="startDriver()[pri:0, instance:tests.StoreToCheckOutTest@57d7f8ca]" started-at="2022-04-01T16:24:12 IST" name="startDriver" finished-at="2022-04-01T16:24:13 IST" duration-ms="788" status="PASS">
          <reporter-output>
          </reporter-output>
        </test-method> <!-- startDriver -->
        <test-method signature="storeToCart()[pri:0, instance:tests.StoreToCheckOutTest@57d7f8ca]" started-at="2022-04-01T16:24:13 IST" name="storeToCart" finished-at="2022-04-01T16:25:13 IST" duration-ms="60014" status="PASS">
          <reporter-output>
          </reporter-output>
        </test-method> <!-- storeToCart -->
        <test-method is-config="true" signature="quitDriver()[pri:0, instance:tests.StoreToCheckOutTest@57d7f8ca]" started-at="2022-04-01T16:25:13 IST" name="quitDriver" finished-at="2022-04-01T16:25:13 IST" duration-ms="197" status="PASS">
          <reporter-output>
          </reporter-output>
        </test-method> <!-- quitDriver -->
      </class> <!-- tests.StoreToCheckOutTest -->
      <class name="tests.NavigationTest">
        <test-method is-config="true" signature="startDriver()[pri:0, instance:tests.NavigationTest@1613674b]" started-at="2022-04-01T16:22:11 IST" name="startDriver" finished-at="2022-04-01T16:22:15 IST" duration-ms="4073" status="PASS">
          <reporter-output>
          </reporter-output>
        </test-method> <!-- startDriver -->
        <test-method signature="NavigateFromHomeToProductPage()[pri:0, instance:tests.NavigationTest@1613674b]" started-at="2022-04-01T16:22:15 IST" name="NavigateFromHomeToProductPage" finished-at="2022-04-01T16:24:12 IST" duration-ms="116616" status="PASS">
          <reporter-output>
          </reporter-output>
        </test-method> <!-- NavigateFromHomeToProductPage -->
        <test-method is-config="true" signature="quitDriver()[pri:0, instance:tests.NavigationTest@1613674b]" started-at="2022-04-01T16:24:12 IST" name="quitDriver" finished-at="2022-04-01T16:24:12 IST" duration-ms="206" status="PASS">
          <reporter-output>
          </reporter-output>
        </test-method> <!-- quitDriver -->
      </class> <!-- tests.NavigationTest -->
    </test> <!-- Test -->
  </suite> <!-- Suite -->
</testng-results>
